Build started 2014-02-10 11:50:17 AM.
     1>Project "D:\Notes\BCIT\Semester 4\COMP4985\ASN02\ASN02\ASN02\ASN02.vcxproj" on node 2 (build target(s)).
     1>InitializeBuildStatus:
         Creating "Debug\ASN02.unsuccessfulbuild" because "AlwaysCreate" was specified.
       ClCompile:
         c:\Program Files (x86)\Microsoft Visual Studio 10.0\VC\bin\CL.exe /c /ZI /nologo /W3 /WX- /Od /Oy- /D WIN32 /D _DEBUG /D _WINDOWS /D _UNICODE /D UNICODE /Gm /EHsc /RTC1 /MDd /GS /fp:precise /Zc:wchar_t /Zc:forScope /Fo"Debug\\" /Fd"Debug\vc100.pdb" /Gd /TP /analyze- /errorReport:prompt source.cpp
         source.cpp
     1>d:\notes\bcit\semester 4\comp4985\asn02\asn02\asn02\source.cpp(220): warning C4996: 'strcpy': This function or variable may be unsafe. Consider using strcpy_s instead. To disable deprecation, use _CRT_SECURE_NO_WARNINGS. See online help for details.
                 c:\program files (x86)\microsoft visual studio 10.0\vc\include\string.h(105) : see declaration of 'strcpy'
     1>d:\notes\bcit\semester 4\comp4985\asn02\asn02\asn02\source.cpp(141): warning C4101: 'totaltags' : unreferenced local variable
     1>d:\notes\bcit\semester 4\comp4985\asn02\asn02\asn02\source.cpp(135): warning C4101: 'SocketInfo' : unreferenced local variable
     1>d:\notes\bcit\semester 4\comp4985\asn02\asn02\asn02\source.cpp(136): warning C4101: 'RecvBytes' : unreferenced local variable
     1>d:\notes\bcit\semester 4\comp4985\asn02\asn02\asn02\source.cpp(136): warning C4101: 'SendBytes' : unreferenced local variable
     1>d:\notes\bcit\semester 4\comp4985\asn02\asn02\asn02\source.cpp(345): warning C4101: 'bp' : unreferenced local variable
     1>d:\notes\bcit\semester 4\comp4985\asn02\asn02\asn02\source.cpp(337): warning C4101: 'n' : unreferenced local variable
     1>d:\notes\bcit\semester 4\comp4985\asn02\asn02\asn02\source.cpp(345): warning C4101: 'pptr' : unreferenced local variable
     1>d:\notes\bcit\semester 4\comp4985\asn02\asn02\asn02\source.cpp(335): warning C4101: 'wait_result' : unreferenced local variable
     1>d:\notes\bcit\semester 4\comp4985\asn02\asn02\asn02\source.cpp(345): warning C4101: 'rbuf' : unreferenced local variable
     1>d:\notes\bcit\semester 4\comp4985\asn02\asn02\asn02\source.cpp(337): warning C4101: 'bytes_to_read' : unreferenced local variable
     1>d:\notes\bcit\semester 4\comp4985\asn02\asn02\asn02\source.cpp(568): warning C4018: '<' : signed/unsigned mismatch
     1>d:\notes\bcit\semester 4\comp4985\asn02\asn02\asn02\source.cpp(569): warning C4244: 'argument' : conversion from 'wchar_t' to 'char', possible loss of data
       ResourceCompile:
         All outputs are up-to-date.
       ManifestResourceCompile:
         All outputs are up-to-date.
       Link:
         c:\Program Files (x86)\Microsoft Visual Studio 10.0\VC\bin\link.exe /ERRORREPORT:PROMPT /OUT:"D:\Notes\BCIT\Semester 4\COMP4985\ASN02\ASN02\Debug\ASN02.exe" /INCREMENTAL /NOLOGO kernel32.lib user32.lib gdi32.lib winspool.lib comdlg32.lib advapi32.lib shell32.lib ole32.lib oleaut32.lib uuid.lib odbc32.lib odbccp32.lib /MANIFEST /ManifestFile:"Debug\ASN02.exe.intermediate.manifest" /MANIFESTUAC:"level='asInvoker' uiAccess='false'" /DEBUG /PDB:"D:\Notes\BCIT\Semester 4\COMP4985\ASN02\ASN02\Debug\ASN02.pdb" /SUBSYSTEM:WINDOWS /TLBID:1 /DYNAMICBASE /NXCOMPAT /IMPLIB:"D:\Notes\BCIT\Semester 4\COMP4985\ASN02\ASN02\Debug\ASN02.lib" /MACHINE:X86 Debug\ASN02.res
         Debug\ASN02.exe.embed.manifest.res
         Debug\source.obj
       Manifest:
         C:\Program Files (x86)\Microsoft SDKs\Windows\v7.0A\bin\mt.exe /nologo /verbose /out:"Debug\ASN02.exe.embed.manifest" /manifest Debug\ASN02.exe.intermediate.manifest
         All outputs are up-to-date.
       LinkEmbedManifest:
         All outputs are up-to-date.
         ASN02.vcxproj -> D:\Notes\BCIT\Semester 4\COMP4985\ASN02\ASN02\Debug\ASN02.exe
       FinalizeBuildStatus:
         Deleting file "Debug\ASN02.unsuccessfulbuild".
         Touching "Debug\ASN02.lastbuildstate".
     1>Done Building Project "D:\Notes\BCIT\Semester 4\COMP4985\ASN02\ASN02\ASN02\ASN02.vcxproj" (build target(s)).

Build succeeded.

Time Elapsed 00:00:01.05
